\BOOKMARK [-1][-]{part.1}{\376\377\000I\000\040\000G\000r\000u\000n\000d\000l\000a\000g\000e\000n}{}% 1
\BOOKMARK [0][-]{chapter.1}{\376\377\000E\000i\000n\000l\000e\000i\000t\000u\000n\000g\000\040}{part.1}% 2
\BOOKMARK [1][-]{section.1.1}{\376\377\000E\000i\000n\000e\000\040\000k\000u\000r\000z\000e\000\040\000G\000e\000s\000c\000h\000i\000c\000h\000t\000e\000\040\000d\000e\000s\000\040\000F\000e\000l\000d\000b\000e\000g\000r\000i\000f\000f\000s}{chapter.1}% 3
\BOOKMARK [1][-]{section.1.2}{\376\377\000F\000e\000l\000d\000t\000h\000e\000o\000r\000i\000e\000\040\000a\000l\000s\000\040\000m\000a\000t\000h\000e\000m\000a\000t\000i\000s\000c\000h\000e\000\040\000D\000i\000s\000z\000i\000p\000l\000i\000n}{chapter.1}% 4
\BOOKMARK [1][-]{section.1.3}{\376\377\000Z\000u\000\040\000d\000i\000e\000s\000e\000m\000\040\000B\000u\000c\000h}{chapter.1}% 5
\BOOKMARK [1][-]{section.1.4}{\376\377\000Q\000u\000e\000l\000l\000e\000n}{chapter.1}% 6
\BOOKMARK [0][-]{chapter.2}{\376\377\000E\000i\000n\000e\000\040\000F\000a\000l\000l\000s\000t\000u\000d\000i\000e\000:\000\040\000W\000\344\000r\000m\000e\000\040\000u\000n\000d\000\040\000T\000e\000m\000p\000e\000r\000a\000t\000u\000r\000\040}{part.1}% 7
\BOOKMARK [1][-]{section.2.1}{\376\377\000T\000e\000m\000p\000e\000r\000a\000t\000u\000r\000\040}{chapter.2}% 8
\BOOKMARK [2][-]{subsection.2.1.1}{\376\377\000D\000a\000s\000\040\000T\000e\000m\000p\000e\000r\000a\000t\000u\000r\000f\000e\000l\000d}{section.2.1}% 9
\BOOKMARK [2][-]{subsection.2.1.2}{\376\377\000L\000o\000k\000a\000l\000i\000t\000\344\000t\000\040\000u\000n\000d\000\040\000A\000b\000l\000e\000i\000t\000u\000n\000g\000e\000n}{section.2.1}% 10
\BOOKMARK [2][-]{subsection.2.1.3}{\376\377\000S\000y\000m\000m\000e\000t\000r\000i\000e\000n}{section.2.1}% 11
\BOOKMARK [2][-]{subsection.2.1.4}{\376\377\000D\000i\000e\000\040\000W\000\344\000r\000m\000e\000l\000e\000i\000t\000u\000n\000g\000s\000g\000l\000e\000i\000c\000h\000u\000n\000g}{section.2.1}% 12
\BOOKMARK [2][-]{subsection.2.1.5}{\376\377\000W\000o\000h\000l\000d\000e\000f\000i\000n\000i\000e\000r\000t\000e\000\040\000L\000\366\000s\000u\000n\000g\000e\000n}{section.2.1}% 13
\BOOKMARK [2][-]{subsection.2.1.6}{\376\377\000W\000\344\000r\000m\000e\000l\000e\000i\000t\000f\000\344\000h\000i\000g\000k\000e\000i\000t}{section.2.1}% 14
\BOOKMARK [1][-]{section.2.2}{\376\377\000W\000\344\000r\000m\000e\000k\000a\000p\000a\000z\000i\000t\000\344\000t\000\040}{chapter.2}% 15
\BOOKMARK [1][-]{section.2.3}{\376\377\000W\000\344\000r\000m\000e\000f\000l\000u\000s\000s\000\040}{chapter.2}% 16
\BOOKMARK [1][-]{section.2.4}{\376\377\000Z\000u\000s\000a\000m\000m\000e\000n\000h\000a\000n\000g\000\040\000u\000n\000d\000\040\000P\000r\000i\000n\000z\000i\000p\000a\000l\000b\000\374\000n\000d\000e\000l\000\040}{chapter.2}% 17
\BOOKMARK [0][-]{chapter.3}{\376\377\000K\000o\000o\000r\000d\000i\000n\000a\000t\000e\000n\000\040\000u\000n\000d\000\040\000T\000a\000n\000g\000e\000n\000t\000i\000a\000l\000v\000e\000k\000t\000o\000r\000e\000n\000\040}{part.1}% 18
\BOOKMARK [1][-]{section.3.1}{\376\377\000K\000o\000o\000r\000d\000i\000n\000a\000t\000e\000n\000\040}{chapter.3}% 19
\BOOKMARK [2][-]{subsection.3.1.1}{\376\377\000K\000o\000o\000r\000d\000i\000n\000a\000t\000e\000n\000s\000y\000s\000t\000e\000m}{section.3.1}% 20
\BOOKMARK [2][-]{subsection.3.1.2}{\376\377\000K\000o\000o\000r\000d\000i\000n\000a\000t\000e\000n\000w\000e\000c\000h\000s\000e\000l\000\040}{section.3.1}% 21
\BOOKMARK [1][-]{section.3.2}{\376\377\000T\000a\000n\000g\000e\000n\000t\000i\000a\000l\000v\000e\000k\000t\000o\000r\000e\000n\000\040}{chapter.3}% 22
\BOOKMARK [2][-]{subsection.3.2.1}{\376\377\000K\000u\000r\000v\000e\000n}{section.3.2}% 23
\BOOKMARK [2][-]{subsection.3.2.2}{\376\377\000T\000a\000n\000g\000e\000n\000t\000i\000a\000l\000v\000e\000k\000t\000o\000r\000e\000n}{section.3.2}% 24
\BOOKMARK [2][-]{subsection.3.2.3}{\376\377\000T\000a\000n\000g\000e\000n\000t\000i\000a\000l\000v\000e\000k\000t\000o\000r\000e\000n\000\040\000a\000l\000s\000\040\000S\000p\000a\000l\000t\000e\000n\000v\000e\000k\000t\000o\000r\000e\000n}{section.3.2}% 25
\BOOKMARK [2][-]{subsection.3.2.4}{\376\377\000K\000o\000o\000r\000d\000i\000n\000a\000t\000e\000n\000l\000i\000n\000i\000e\000n\000\040}{section.3.2}% 26
\BOOKMARK [1][-]{section.3.3}{\376\377\000D\000i\000f\000f\000e\000r\000e\000n\000t\000i\000a\000l\000o\000p\000e\000r\000a\000t\000o\000r\000e\000n\000\040}{chapter.3}% 27
\BOOKMARK [2][-]{subsection.3.3.1}{\376\377\000A\000b\000l\000e\000i\000t\000u\000n\000g\000\040\000e\000n\000t\000l\000a\000n\000g\000\040\000e\000i\000n\000e\000r\000\040\000K\000u\000r\000v\000e}{section.3.3}% 28
\BOOKMARK [2][-]{subsection.3.3.2}{\376\377\000T\000a\000n\000g\000e\000n\000t\000i\000a\000l\000v\000e\000k\000t\000o\000r\000e\000n\000\040\000a\000l\000s\000\040\000D\000i\000f\000f\000e\000r\000e\000n\000t\000i\000a\000l\000o\000p\000e\000r\000a\000t\000o\000r\000e\000n}{section.3.3}% 29
\BOOKMARK [2][-]{subsection.3.3.3}{\376\377\000P\000a\000r\000t\000i\000e\000l\000l\000e\000\040\000A\000b\000l\000e\000i\000t\000u\000n\000g\000s\000o\000p\000e\000r\000a\000t\000o\000r\000e\000n}{section.3.3}% 30
\BOOKMARK [2][-]{subsection.3.3.4}{\376\377\000A\000b\000l\000e\000i\000t\000u\000n\000g\000\040\000e\000i\000n\000e\000s\000\040\000V\000e\000k\000t\000o\000r\000s\000?\000\040}{section.3.3}% 31
\BOOKMARK [2][-]{subsection.3.3.5}{\376\377\000L\000i\000e\000-\000A\000b\000l\000e\000i\000t\000u\000n\000g}{section.3.3}% 32
\BOOKMARK [1][-]{section.3.4}{\376\377\000D\000i\000f\000f\000e\000r\000e\000n\000z\000i\000e\000r\000b\000a\000r\000e\000\040\000M\000a\000n\000n\000i\000g\000f\000a\000l\000t\000i\000g\000k\000e\000i\000t\000e\000n\000\040}{chapter.3}% 33
\BOOKMARK [2][-]{subsection.3.4.1}{\376\377\000P\000u\000n\000k\000t\000m\000e\000n\000g\000e\000n\000t\000o\000p\000o\000l\000o\000g\000i\000e}{section.3.4}% 34
\BOOKMARK [2][-]{subsection.3.4.2}{\376\377\000K\000a\000r\000t\000e\000n}{section.3.4}% 35
\BOOKMARK [2][-]{subsection.3.4.3}{\376\377\000A\000t\000l\000a\000n\000t\000e\000n\000\040\000u\000n\000d\000\040\000d\000i\000f\000f\000e\000r\000e\000n\000z\000i\000e\000r\000b\000a\000r\000e\000\040\000M\000a\000n\000n\000i\000g\000f\000a\000l\000t\000i\000g\000k\000e\000i\000t\000e\000n}{section.3.4}% 36
\BOOKMARK [1][-]{figure.caption.23}{\376\377\000\334\000b\000u\000n\000g\000s\000a\000u\000f\000g\000a\000b\000e\000n}{chapter.3}% 37
\BOOKMARK [0][-]{chapter.4}{\376\377\000D\000i\000f\000f\000e\000r\000e\000n\000t\000i\000a\000l\000f\000o\000r\000m\000e\000n\000\040\000u\000n\000d\000\040\000K\000u\000r\000v\000e\000n\000i\000n\000t\000e\000g\000r\000a\000l\000e\000\040}{part.1}% 38
\BOOKMARK [1][-]{section.4.1}{\376\377\0001\000-\000F\000o\000r\000m\000e\000n}{chapter.4}% 39
\BOOKMARK [2][-]{subsection.4.1.1}{\376\377\000R\000i\000e\000m\000a\000n\000n\000-\000I\000n\000t\000e\000g\000r\000a\000l}{section.4.1}% 40
\BOOKMARK [2][-]{subsection.4.1.2}{\376\377\000S\000u\000b\000s\000t\000i\000t\000u\000t\000i\000o\000n}{section.4.1}% 41
\BOOKMARK [2][-]{subsection.4.1.3}{\376\377\000I\000n\000t\000e\000g\000r\000a\000l\000\040\000\374\000b\000e\000r\000\040\000e\000i\000n\000\040\000e\000i\000n\000d\000i\000m\000e\000n\000s\000i\000o\000n\000a\000l\000e\000s\000\040\000D\000e\000f\000i\000n\000i\000t\000i\000o\000n\000s\000g\000e\000b\000i\000e\000t\000\040}{section.4.1}% 42
\BOOKMARK [2][-]{subsection.4.1.4}{\376\377\000L\000i\000n\000e\000a\000r\000f\000o\000r\000m\000e\000n\000\040}{section.4.1}% 43
\BOOKMARK [2][-]{subsection.4.1.5}{\376\377\000D\000i\000e\000\040\000K\000o\000o\000r\000d\000i\000n\000a\000t\000e\000n\000-\0001\000-\000F\000o\000r\000m\000e\000n}{section.4.1}% 44
\BOOKMARK [1][-]{section.4.2}{\376\377\000K\000u\000r\000v\000e\000n\000i\000n\000t\000e\000g\000r\000a\000l\000\040\000e\000i\000n\000e\000r\000\040\0001\000-\000F\000o\000r\000m\000\040}{chapter.4}% 45
\BOOKMARK [2][-]{subsection.4.2.1}{\376\377\0001\000-\000F\000o\000r\000m\000\040\000a\000u\000f\000\040\000e\000i\000n\000e\000r\000\040\000M\000a\000n\000n\000i\000g\000f\000a\000l\000t\000i\000g\000k\000e\000i\000t}{section.4.2}% 46
\BOOKMARK [2][-]{subsection.4.2.2}{\376\377\000A\000b\000b\000i\000l\000d\000u\000n\000g\000\040\000e\000i\000n\000e\000r\000\040\0001\000-\000F\000o\000r\000m}{section.4.2}% 47
\BOOKMARK [2][-]{subsection.4.2.3}{\376\377\000I\000n\000t\000e\000g\000r\000a\000l\000\040\000e\000n\000t\000l\000a\000n\000g\000\040\000e\000i\000n\000e\000r\000\040\000K\000u\000r\000v\000e}{section.4.2}% 48
\BOOKMARK [2][-]{subsection.4.2.4}{\376\377\000K\000u\000r\000v\000e\000n\000i\000n\000t\000e\000g\000r\000a\000l\000\040\000e\000i\000n\000e\000s\000\040\000V\000e\000k\000t\000o\000r\000f\000e\000l\000d\000e\000s\000\040}{section.4.2}% 49
\BOOKMARK [2][-]{subsection.4.2.5}{\376\377\000D\000e\000r\000\040\000F\000l\000u\000s\000s\000\040\000e\000i\000n\000e\000s\000\040\000V\000e\000k\000t\000o\000r\000f\000e\000l\000d\000e\000s\000\040\000d\000u\000r\000c\000h\000\040\000e\000i\000n\000e\000\040\000K\000u\000r\000v\000e}{section.4.2}% 50
\BOOKMARK [1][-]{section.4.3}{\376\377\000D\000i\000f\000f\000e\000r\000e\000n\000t\000i\000a\000l\000\040\000e\000i\000n\000e\000r\000\040\000F\000u\000n\000k\000t\000i\000o\000n}{chapter.4}% 51
\BOOKMARK [2][-]{subsection.4.3.1}{\376\377\000R\000e\000c\000h\000e\000n\000r\000e\000g\000e\000l\000n\000\040\000f\000\374\000r\000\040\000d\000e\000n\000\040\000d\000-\000O\000p\000e\000r\000a\000t\000o\000r}{section.4.3}% 52
\BOOKMARK [2][-]{subsection.4.3.2}{\376\377\000I\000n\000t\000e\000g\000r\000a\000l\000\040\000e\000i\000n\000e\000s\000\040\000D\000i\000f\000f\000e\000r\000e\000n\000t\000i\000a\000l\000s}{section.4.3}% 53
\BOOKMARK [2][-]{subsection.4.3.3}{\376\377\000R\000i\000c\000h\000t\000u\000n\000g\000s\000a\000b\000l\000e\000i\000t\000u\000n\000g}{section.4.3}% 54
\BOOKMARK [2][-]{subsection.4.3.4}{\376\377\000G\000r\000a\000d\000i\000e\000n\000t}{section.4.3}% 55
\BOOKMARK [2][-]{subsection.4.3.5}{\376\377\000D\000i\000f\000f\000e\000r\000e\000n\000t\000i\000a\000l\000g\000l\000e\000i\000c\000h\000u\000n\000g\000e\000n}{section.4.3}% 56
\BOOKMARK [1][-]{section.4.4}{\376\377\000D\000i\000f\000f\000e\000r\000e\000n\000z\000i\000e\000r\000b\000a\000r\000e\000\040\000Z\000e\000r\000l\000e\000g\000u\000n\000g\000\040\000d\000e\000r\000\040\000E\000i\000n\000h\000e\000i\000t\000\040}{chapter.4}% 57
\BOOKMARK [2][-]{subsection.4.4.1}{\376\377\000G\000l\000a\000t\000t\000e\000\040\000F\000u\000n\000k\000t\000i\000o\000n\000e\000n\000\040\000m\000i\000t\000\040\000T\000r\000\344\000g\000e\000r\000\040\000i\000n\000\040\000e\000i\000n\000e\000m\000\040\000I\000n\000t\000e\000r\000v\000a\000l}{section.4.4}% 58
\BOOKMARK [2][-]{subsection.4.4.2}{\376\377\000\334\000b\000e\000r\000d\000e\000c\000k\000u\000n\000g\000\040\000m\000i\000t\000\040\000o\000f\000f\000e\000n\000e\000n\000\040\000I\000n\000t\000e\000r\000v\000a\000l\000l\000e\000n}{section.4.4}% 59
\BOOKMARK [2][-]{subsection.4.4.3}{\376\377\000D\000i\000f\000f\000e\000r\000e\000n\000z\000i\000e\000r\000b\000a\000r\000e\000\040\000Z\000e\000r\000l\000e\000g\000u\000n\000g\000\040\000d\000e\000r\000\040\000E\000i\000n\000h\000e\000i\000t\000\040}{section.4.4}% 60
\BOOKMARK [2][-]{subsection.4.4.4}{\376\377\000Z\000e\000r\000l\000e\000g\000u\000n\000g\000\040\000e\000i\000n\000e\000s\000\040\000K\000u\000r\000v\000e\000n\000i\000n\000t\000e\000g\000r\000a\000l\000s}{section.4.4}% 61
\BOOKMARK [1][-]{subsection.4.4.4}{\376\377\000\334\000b\000u\000n\000g\000s\000a\000u\000f\000g\000a\000b\000e\000n}{chapter.4}% 62
\BOOKMARK [0][-]{chapter.5}{\376\377\0002\000-\000V\000e\000k\000t\000o\000r\000e\000n\000,\000\040\0002\000-\000F\000o\000r\000m\000e\000n\000\040\000u\000n\000d\000\040\000d\000e\000r\000\040\000S\000a\000t\000z\000\040\000v\000o\000n\000\040\000G\000r\000e\000e\000n\000\040}{part.1}% 63
\BOOKMARK [1][-]{section.5.1}{\376\377\0002\000-\000V\000e\000k\000t\000o\000r\000e\000n\000\040}{chapter.5}% 64
\BOOKMARK [2][-]{subsection.5.1.1}{\376\377\000P\000a\000r\000a\000l\000l\000e\000l\000o\000g\000r\000a\000m\000m\000e}{section.5.1}% 65
\BOOKMARK [2][-]{subsection.5.1.2}{\376\377\000D\000e\000r\000\040\000V\000e\000k\000t\000o\000r\000r\000a\000u\000m\000\040\000d\000e\000r\000\040\0002\000-\000V\000e\000k\000t\000o\000r\000e\000n}{section.5.1}% 66
\BOOKMARK [2][-]{subsection.5.1.3}{\376\377\000A\000l\000t\000e\000r\000n\000a\000t\000i\000v\000e\000\040\000D\000a\000r\000s\000t\000e\000l\000l\000u\000n\000g\000e\000n\000\040\000d\000e\000s\000\040\000W\000e\000d\000g\000e\000-\000P\000r\000o\000d\000u\000k\000t\000e\000s}{section.5.1}% 67
\BOOKMARK [1][-]{section.5.2}{\376\377\000T\000e\000n\000s\000o\000r\000e\000n\000\040\000z\000w\000e\000i\000t\000e\000r\000\040\000S\000t\000u\000f\000e\000,\000\040\0002\000-\000V\000e\000k\000t\000o\000r\000e\000n\000\040\000u\000n\000d\000\040\0002\000-\000F\000o\000r\000m\000e\000n\000\040\000a\000u\000f\000\040\000M\000a\000n\000n\000i\000g\000f\000a\000l\000t\000i\000g\000k\000e\000i\000t\000e\000n\000\040}{chapter.5}% 68
\BOOKMARK [2][-]{subsection.5.2.1}{\376\377\000N\000o\000t\000a\000t\000i\000o\000n\000\040\000f\000\374\000r\000\040\000T\000e\000n\000s\000o\000r\000e\000n}{section.5.2}% 69
\BOOKMARK [2][-]{subsection.5.2.2}{\376\377\0002\000-\000F\000o\000r\000m\000e\000n}{section.5.2}% 70
\BOOKMARK [1][-]{section.5.3}{\376\377\000F\000l\000\344\000c\000h\000e\000n\000i\000n\000t\000e\000g\000r\000a\000l\000e\000\040\000v\000o\000n\000\040\0002\000-\000F\000o\000r\000m\000e\000n\000\040}{chapter.5}% 71
\BOOKMARK [2][-]{subsection.5.3.1}{\376\377\000I\000n\000t\000e\000g\000r\000a\000l\000\040\000e\000i\000n\000e\000r\000\040\0002\000-\000F\000o\000r\000m\000\040\000a\000u\000f\000\040\000R\0002}{section.5.3}% 72
\BOOKMARK [2][-]{subsection.5.3.2}{\376\377\000K\000a\000r\000t\000e\000n\000w\000e\000c\000h\000s\000e\000l\000\040\000u\000n\000d\000\040\000K\000o\000o\000r\000d\000i\000n\000a\000t\000e\000n\000t\000r\000a\000n\000s\000f\000o\000r\000m\000a\000t\000i\000o\000n\000\040\000v\000o\000n\000\040\0002\000-\000F\000o\000r\000m\000e\000n}{section.5.3}% 73
\BOOKMARK [2][-]{subsection.5.3.3}{\376\377\000O\000r\000i\000e\000n\000t\000i\000e\000r\000u\000n\000g\000\040\000e\000i\000n\000e\000r\000\040\0002\000-\000d\000i\000m\000e\000n\000s\000i\000o\000n\000a\000l\000e\000n\000\040\000M\000a\000n\000n\000i\000g\000f\000a\000l\000t\000i\000g\000k\000e\000i\000t}{section.5.3}% 74
\BOOKMARK [1][-]{section.5.4}{\376\377\000D\000e\000r\000\040\000S\000a\000t\000z\000\040\000v\000o\000n\000\040\000G\000r\000e\000e\000n\000\040}{chapter.5}% 75
\BOOKMARK [2][-]{subsection.5.4.1}{\376\377\000Z\000e\000r\000l\000e\000g\000u\000n\000g\000\040\000i\000n\000\040\000K\000o\000o\000r\000d\000i\000n\000a\000t\000e\000n\000g\000e\000b\000i\000e\000t\000e\000\040}{section.5.4}% 76
\BOOKMARK [2][-]{subsection.5.4.2}{\376\377\000I\000n\000t\000e\000g\000r\000a\000l\000\040\000i\000n\000\040\000e\000i\000n\000e\000m\000\040\000K\000o\000o\000r\000d\000i\000n\000a\000t\000e\000n\000g\000e\000b\000i\000e\000t}{section.5.4}% 77
\BOOKMARK [2][-]{subsection.5.4.3}{\376\377\000D\000i\000e\000\040\000\344\000u\000s\000s\000e\000r\000e\000\040\000A\000b\000l\000e\000i\000t\000u\000n\000g\000\040\000e\000i\000n\000e\000r\000\040\0001\000-\000F\000o\000r\000m}{section.5.4}% 78
\BOOKMARK [2][-]{subsection.5.4.4}{\376\377\000D\000e\000r\000\040\000S\000a\000t\000z\000\040\000v\000o\000n\000\040\000G\000r\000e\000e\000n}{section.5.4}% 79
\BOOKMARK [2][-]{subsection.5.4.5}{\376\377\000D\000e\000r\000\040\000S\000a\000t\000z\000\040\000v\000o\000n\000\040\000G\000r\000e\000e\000n\000\040\000a\000l\000s\000\040\000S\000p\000e\000z\000i\000a\000l\000f\000a\000l\000l\000\040\000d\000e\000s\000\040\000S\000a\000t\000z\000e\000s\000\040\000v\000o\000n\000\040\000S\000t\000o\000k\000e\000s}{section.5.4}% 80
\BOOKMARK [1][-]{section.5.5}{\376\377\000G\000e\000s\000c\000h\000l\000o\000s\000s\000e\000n\000e\000\040\0001\000-\000F\000o\000r\000m\000e\000n\000\040\000u\000n\000d\000\040\000W\000e\000g\000u\000n\000a\000b\000h\000\344\000n\000g\000i\000g\000k\000e\000i\000t\000\040}{chapter.5}% 81
\BOOKMARK [2][-]{subsection.5.5.1}{\376\377\000\304\000u\000s\000s\000e\000r\000e\000s\000\040\000D\000i\000f\000f\000e\000r\000e\000n\000t\000i\000a\000l\000\040\000v\000o\000n\000\040\000d\000f}{section.5.5}% 82
\BOOKMARK [2][-]{subsection.5.5.2}{\376\377\000W\000e\000g\000u\000n\000a\000b\000h\000\344\000n\000g\000i\000g\000k\000e\000i\000t}{section.5.5}% 83
\BOOKMARK [2][-]{subsection.5.5.3}{\376\377\000G\000e\000s\000c\000h\000l\000o\000s\000s\000e\000n\000e\000\040\0001\000-\000F\000o\000r\000m\000e\000n\000\040\000a\000u\000f\000\040\000e\000i\000n\000f\000a\000c\000h\000\040\000z\000u\000s\000a\000m\000m\000e\000n\000h\000\344\000n\000g\000e\000n\000d\000e\000n\000\040\000G\000e\000b\000i\000e\000t\000e\000n}{section.5.5}% 84
\BOOKMARK [2][-]{subsection.5.5.4}{\376\377\000P\000o\000t\000e\000n\000t\000i\000a\000l\000f\000e\000l\000d\000e\000r}{section.5.5}% 85
\BOOKMARK [1][-]{satz.5.21}{\376\377\000\334\000b\000u\000n\000g\000s\000a\000u\000f\000g\000a\000b\000e\000n}{chapter.5}% 86
\BOOKMARK [0][-]{chapter.6}{\376\377\000D\000e\000r\000\040\000S\000a\000t\000z\000\040\000v\000o\000n\000\040\000G\000a\000u\000s\000s\000\040}{part.1}% 87
\BOOKMARK [1][-]{section.6.1}{\376\377\000D\000e\000r\000\040\000S\000a\000t\000z\000\040\000v\000o\000n\000\040\000G\000a\000u\000s\000s\000\040\000i\000n\000\040\000D\000i\000m\000e\000n\000s\000i\000o\000n\000\040\000n\000=\0003\000\040}{chapter.6}% 88
\BOOKMARK [2][-]{subsection.6.1.1}{\376\377\000I\000n\000t\000e\000g\000r\000a\000t\000i\000o\000n\000\040\000a\000u\000f\000\040\000d\000r\000e\000i\000d\000i\000m\000e\000n\000s\000i\000o\000n\000a\000l\000e\000n\000\040\000M\000a\000n\000n\000i\000g\000f\000a\000l\000t\000i\000g\000k\000e\000i\000t\000e\000n}{section.6.1}% 89
\BOOKMARK [2][-]{subsection.6.1.2}{\376\377\000D\000e\000r\000\040\000S\000a\000t\000z\000\040\000v\000o\000n\000\040\000G\000a\000u\000s\000s}{section.6.1}% 90
\BOOKMARK [1][-]{section.6.2}{\376\377\000D\000e\000r\000\040\000v\000e\000r\000a\000l\000l\000g\000e\000m\000e\000i\000n\000e\000r\000t\000e\000\040\000S\000a\000t\000z\000\040\000v\000o\000n\000\040\000G\000a\000u\000s\000s\000\040}{chapter.6}% 91
\BOOKMARK [2][-]{subsection.6.2.1}{\376\377\000n\000-\000V\000e\000k\000t\000o\000r\000e\000n\000\040\000u\000n\000d\000\040\000n\000-\000F\000o\000r\000m\000e\000n}{section.6.2}% 92
\BOOKMARK [2][-]{subsection.6.2.2}{\376\377\000n\000-\0001\000-\000V\000e\000k\000t\000o\000r\000e\000n\000\040\000u\000n\000d\000\040\000n\000-\0001\000-\000F\000o\000r\000m\000e\000n}{section.6.2}% 93
\BOOKMARK [2][-]{subsection.6.2.3}{\376\377\000D\000i\000e\000\040\000\344\000u\000s\000s\000e\000r\000e\000\040\000A\000b\000l\000e\000i\000t\000u\000n\000g}{section.6.2}% 94
\BOOKMARK [2][-]{subsection.6.2.4}{\376\377\000D\000e\000r\000\040\000S\000a\000t\000z\000\040\000v\000o\000n\000\040\000G\000a\000u\000s\000s\000\040}{section.6.2}% 95
\BOOKMARK [1][-]{section.6.3}{\376\377\000E\000r\000h\000a\000l\000t\000u\000n\000g\000s\000s\000\344\000t\000z\000e\000\040}{chapter.6}% 96
\BOOKMARK [2][-]{subsection.6.3.1}{\376\377\000K\000o\000n\000t\000i\000n\000u\000i\000t\000\344\000t\000s\000g\000l\000e\000i\000c\000h\000u\000n\000g}{section.6.3}% 97
\BOOKMARK [2][-]{subsection.6.3.2}{\376\377\000A\000n\000w\000e\000n\000d\000u\000n\000g\000e\000n}{section.6.3}% 98
\BOOKMARK [0][-]{chapter.7}{\376\377\000p\000-\000F\000o\000r\000m\000e\000n\000\040\000u\000n\000d\000\040\000d\000a\000s\000\040\000P\000o\000i\000n\000c\000a\000r\000\351\000-\000L\000e\000m\000m\000a\000\040}{part.1}% 99
\BOOKMARK [1][-]{section.7.1}{\376\377\000p\000-\000F\000o\000r\000m\000e\000n\000\040}{chapter.7}% 100
\BOOKMARK [2][-]{subsection.7.1.1}{\376\377\000p\000-\000V\000e\000k\000t\000o\000r\000e\000n}{section.7.1}% 101
\BOOKMARK [2][-]{subsection.7.1.2}{\376\377\000A\000n\000t\000i\000s\000y\000m\000m\000e\000t\000r\000i\000s\000c\000h\000e\000\040\000M\000u\000l\000t\000i\000l\000i\000n\000e\000a\000r\000f\000o\000r\000m\000e\000n\000\040\000a\000u\000f\000\040\000T\000M}{section.7.1}% 102
\BOOKMARK [2][-]{subsection.7.1.3}{\376\377\000D\000a\000s\000\040\000-\000P\000r\000o\000d\000u\000k\000t}{section.7.1}% 103
\BOOKMARK [2][-]{subsection.7.1.4}{\376\377\000D\000i\000e\000\040\000g\000r\000a\000d\000u\000i\000e\000r\000t\000e\000\040\000A\000l\000g\000e\000b\000r\000a\000\040\000d\000e\000r\000\040\000p\000-\000F\000o\000r\000m\000e\000n}{section.7.1}% 104
\BOOKMARK [1][-]{section.7.2}{\376\377\000D\000i\000e\000\040\000\344\000u\000s\000s\000e\000r\000e\000\040\000A\000b\000l\000e\000i\000t\000u\000n\000g\000\040}{chapter.7}% 105
\BOOKMARK [2][-]{subsection.7.2.1}{\376\377\000D\000e\000f\000i\000n\000i\000t\000i\000o\000n\000\040\000d\000e\000r\000\040\000\344\000u\000s\000s\000e\000r\000e\000n\000\040\000A\000b\000l\000e\000i\000t\000u\000n\000g}{section.7.2}% 106
\BOOKMARK [2][-]{subsection.7.2.2}{\376\377\000\304\000u\000s\000s\000e\000r\000e\000\040\000A\000b\000l\000e\000i\000t\000u\000n\000g\000\040\000u\000n\000d\000\040\000W\000e\000d\000g\000e\000-\000P\000r\000o\000d\000u\000k\000t}{section.7.2}% 107
\BOOKMARK [2][-]{subsection.7.2.3}{\376\377\000G\000e\000s\000c\000h\000l\000o\000s\000s\000e\000n\000e\000\040\000u\000n\000d\000\040\000e\000x\000a\000k\000t\000e\000\040\000F\000o\000r\000m\000e\000n}{section.7.2}% 108
\BOOKMARK [1][-]{section.7.3}{\376\377\000A\000b\000b\000i\000l\000d\000u\000n\000g\000\040\000v\000o\000n\000\040\000p\000-\000F\000o\000r\000m\000e\000n\000\040}{chapter.7}% 109
\BOOKMARK [2][-]{subsection.7.3.1}{\376\377\000A\000b\000b\000i\000l\000d\000u\000n\000g\000e\000n\000\040\000z\000w\000i\000s\000c\000h\000e\000n\000\040\000M\000a\000n\000n\000i\000g\000f\000a\000l\000t\000i\000g\000k\000e\000i\000t\000e\000n}{section.7.3}% 110
\BOOKMARK [2][-]{subsection.7.3.2}{\376\377\000A\000b\000b\000i\000l\000d\000u\000n\000g\000\040\000v\000o\000n\000\040\0001\000-\000F\000o\000r\000m\000e\000n}{section.7.3}% 111
\BOOKMARK [2][-]{subsection.7.3.3}{\376\377\000A\000b\000b\000i\000l\000d\000u\000n\000g\000\040\000p\000-\000F\000o\000r\000m\000e\000n}{section.7.3}% 112
\BOOKMARK [1][-]{section.7.4}{\376\377\000D\000a\000s\000\040\000P\000o\000i\000n\000c\000a\000r\000\351\000-\000L\000e\000m\000m\000a\000\040}{chapter.7}% 113
\BOOKMARK [2][-]{subsection.7.4.1}{\376\377\000H\000o\000m\000o\000t\000o\000p\000i\000e\000\040\000u\000n\000d\000\040\000R\000e\000s\000t\000r\000i\000k\000t\000i\000o\000n}{section.7.4}% 114
\BOOKMARK [2][-]{subsection.7.4.2}{\376\377\000F\000a\000s\000e\000r\000i\000n\000t\000e\000g\000r\000a\000t\000i\000o\000n\000\040}{section.7.4}% 115
\BOOKMARK [2][-]{subsection.7.4.3}{\376\377\000H\000o\000m\000o\000t\000o\000p\000i\000e\000-\000A\000b\000b\000i\000l\000d\000u\000n\000g\000\040}{section.7.4}% 116
\BOOKMARK [2][-]{subsection.7.4.4}{\376\377\000G\000e\000s\000c\000h\000l\000o\000s\000s\000e\000n\000e\000\040\000F\000o\000r\000m\000e\000n\000\040\000s\000i\000n\000d\000\040\000e\000x\000a\000k\000t\000\040}{section.7.4}% 117
\BOOKMARK [0][-]{chapter.8}{\376\377\000H\000o\000d\000g\000e\000-\000O\000p\000e\000r\000a\000t\000o\000r\000,\000\040\000V\000e\000k\000t\000o\000r\000a\000n\000a\000l\000y\000s\000i\000s\000\040\000u\000n\000d\000\040\000L\000a\000p\000l\000a\000c\000e\000-\000O\000p\000e\000r\000a\000t\000o\000r\000\040}{part.1}% 118
\BOOKMARK [1][-]{section.8.1}{\376\377\000D\000e\000r\000\040\000H\000o\000d\000g\000e\000-\000O\000p\000e\000r\000a\000t\000o\000r\000\040}{chapter.8}% 119
\BOOKMARK [2][-]{subsection.8.1.1}{\376\377\000B\000a\000s\000i\000s\000f\000o\000r\000m\000e\000n}{section.8.1}% 120
\BOOKMARK [1][-]{section.8.2}{\376\377\000K\000o\000o\000r\000d\000i\000n\000a\000t\000e\000n\000f\000r\000e\000i\000e\000\040\000D\000e\000f\000i\000n\000i\000t\000i\000o\000n\000\040}{chapter.8}% 121
\BOOKMARK [2][-]{subsection.8.2.1}{\376\377\000H\000o\000d\000g\000e\000-\000O\000p\000e\000r\000a\000t\000o\000r\000\040\000u\000n\000d\000\040\000S\000k\000a\000l\000a\000r\000p\000r\000o\000d\000u\000k\000t\000\040}{section.8.2}% 122
\BOOKMARK [2][-]{subsection.8.2.2}{\376\377\000S\000k\000a\000l\000a\000r\000p\000r\000o\000d\000u\000k\000t\000\040\000a\000u\000f\000\040\000F\000o\000r\000m\000e\000n}{section.8.2}% 123
\BOOKMARK [2][-]{subsection.8.2.3}{\376\377\000D\000e\000f\000i\000n\000i\000t\000i\000o\000n\000\040\000d\000e\000s\000\040\000H\000o\000d\000g\000e\000-\000O\000p\000e\000r\000a\000t\000o\000r\000s}{section.8.2}% 124
\BOOKMARK [2][-]{subsection.8.2.4}{\376\377\000B\000e\000r\000e\000c\000h\000n\000u\000n\000g\000\040\000d\000e\000s\000\040\000H\000o\000d\000g\000e\000-\000O\000p\000e\000r\000a\000t\000o\000r\000s}{section.8.2}% 125
\BOOKMARK [1][-]{section.8.3}{\376\377\000D\000i\000e\000\040\000O\000p\000e\000r\000a\000t\000o\000r\000e\000n\000\040\000d\000e\000r\000\040\000V\000e\000k\000t\000o\000r\000a\000n\000a\000l\000y\000s\000i\000s\000\040}{chapter.8}% 126
\BOOKMARK [2][-]{subsection.8.3.1}{\376\377\000G\000r\000a\000d\000i\000e\000n\000t}{section.8.3}% 127
\BOOKMARK [2][-]{subsection.8.3.2}{\376\377\000R\000o\000t\000a\000t\000i\000o\000n}{section.8.3}% 128
\BOOKMARK [2][-]{subsection.8.3.3}{\376\377\000D\000i\000v\000e\000r\000g\000e\000n\000z\000\040}{section.8.3}% 129
\BOOKMARK [2][-]{subsection.8.3.4}{\376\377\000O\000p\000e\000r\000a\000t\000o\000r\000r\000e\000l\000a\000t\000i\000o\000n\000e\000n}{section.8.3}% 130
\BOOKMARK [1][-]{section.8.4}{\376\377\000K\000o\000d\000i\000f\000f\000e\000r\000e\000n\000t\000i\000a\000l}{chapter.8}% 131
\BOOKMARK [2][-]{subsection.8.4.1}{\376\377\000D\000e\000f\000i\000n\000i\000t\000i\000o\000n}{section.8.4}% 132
\BOOKMARK [2][-]{subsection.8.4.2}{\376\377\000V\000e\000k\000t\000o\000r\000a\000n\000a\000l\000y\000s\000i\000s\000\040\000u\000n\000d\000\040\000K\000o\000d\000i\000f\000f\000e\000r\000e\000n\000t\000i\000a\000l}{section.8.4}% 133
\BOOKMARK [2][-]{subsection.8.4.3}{\376\377\000P\000o\000i\000n\000c\000a\000r\000\351\000-\000L\000e\000m\000m\000a\000\040\000f\000\374\000r\000\040\000d\000a\000s\000\040\000K\000o\000d\000i\000f\000f\000e\000r\000e\000n\000t\000i\000a\000l}{section.8.4}% 134
\BOOKMARK [1][-]{section.8.5}{\376\377\000D\000e\000r\000\040\000L\000a\000p\000l\000a\000c\000e\000-\000O\000p\000e\000r\000a\000t\000o\000r}{chapter.8}% 135
\BOOKMARK [0][-]{chapter.9}{\376\377\000F\000e\000l\000d\000g\000l\000e\000i\000c\000h\000u\000n\000g\000e\000n\000\040\000d\000e\000r\000\040\000k\000l\000a\000s\000s\000i\000s\000c\000h\000e\000n\000\040\000P\000h\000y\000s\000i\000k\000\040}{part.1}% 136
\BOOKMARK [1][-]{section.9.1}{\376\377\000W\000\344\000r\000m\000e\000l\000e\000i\000t\000u\000n\000g\000\040\000u\000n\000d\000\040\000D\000i\000f\000f\000u\000s\000i\000o\000n}{chapter.9}% 137
\BOOKMARK [2][-]{subsection.9.1.1}{\376\377\000W\000\344\000r\000m\000e\000l\000e\000i\000t\000u\000n\000g}{section.9.1}% 138
\BOOKMARK [2][-]{subsection.9.1.2}{\376\377\000D\000i\000f\000f\000u\000s\000i\000o\000n}{section.9.1}% 139
\BOOKMARK [2][-]{subsection.9.1.3}{\376\377\000F\000u\000n\000d\000a\000m\000e\000n\000t\000a\000l\000l\000\366\000s\000u\000n\000g}{section.9.1}% 140
\BOOKMARK [1][-]{section.9.2}{\376\377\000W\000e\000l\000l\000e\000n\000g\000l\000e\000i\000c\000h\000u\000n\000g}{chapter.9}% 141
\BOOKMARK [2][-]{subsection.9.2.1}{\376\377\000D\000i\000e\000\040\000B\000e\000w\000e\000g\000u\000n\000g\000\040\000e\000i\000n\000e\000r\000\040\000S\000a\000i\000t\000e}{section.9.2}% 142
\BOOKMARK [2][-]{subsection.9.2.2}{\376\377\000I\000m\000p\000u\000l\000s\000d\000i\000c\000h\000t\000e\000\040\000u\000n\000d\000\040\000I\000m\000p\000u\000l\000s\000s\000t\000r\000o\000m}{section.9.2}% 143
\BOOKMARK [1][-]{section.9.3}{\376\377\000L\000\366\000s\000u\000n\000g\000s\000v\000e\000r\000f\000a\000h\000r\000e\000n\000\040\000f\000\374\000r\000\040\000l\000i\000n\000e\000a\000r\000e\000\040\000p\000a\000r\000t\000i\000e\000l\000l\000e\000\040\000D\000i\000f\000f\000e\000r\000e\000n\000t\000i\000a\000l\000g\000l\000e\000i\000c\000h\000u\000n\000g\000e\000n}{chapter.9}% 144
\BOOKMARK [2][-]{subsection.9.3.1}{\376\377\000D\000e\000f\000i\000n\000i\000t\000i\000o\000n\000s\000g\000e\000b\000i\000e\000t\000\040\000u\000n\000d\000\040\000R\000a\000n\000d\000b\000e\000d\000i\000n\000g\000u\000n\000g\000e\000n}{section.9.3}% 145
\BOOKMARK [2][-]{subsection.9.3.2}{\376\377\000S\000e\000p\000a\000r\000a\000t\000i\000o\000n\000s\000v\000e\000r\000f\000a\000h\000r\000e\000n}{section.9.3}% 146
\BOOKMARK [2][-]{subsection.9.3.3}{\376\377\000T\000r\000a\000n\000s\000f\000o\000r\000m\000a\000t\000i\000o\000n\000s\000v\000e\000r\000f\000a\000h\000r\000e\000n}{section.9.3}% 147
\BOOKMARK [1][-]{section.9.4}{\376\377\000F\000e\000l\000d\000g\000l\000e\000i\000c\000h\000u\000n\000g\000e\000n\000,\000\040\000d\000i\000e\000\040\000s\000i\000c\000h\000\040\000d\000u\000r\000c\000h\000\040\000z\000u\000s\000\344\000t\000z\000l\000i\000c\000h\000e\000\040\000A\000n\000n\000a\000h\000m\000e\000n\000\040\000e\000r\000g\000e\000b\000e\000n}{chapter.9}% 148
\BOOKMARK [2][-]{subsection.9.4.1}{\376\377\000D\000i\000e\000\040\000P\000o\000i\000s\000s\000o\000n\000-\000G\000l\000e\000i\000c\000h\000u\000n\000g}{section.9.4}% 149
\BOOKMARK [2][-]{subsection.9.4.2}{\376\377\000D\000i\000e\000\040\000L\000a\000p\000l\000a\000c\000e\000-\000G\000l\000e\000i\000c\000h\000u\000n\000g}{section.9.4}% 150
\BOOKMARK [2][-]{subsection.9.4.3}{\376\377\000D\000i\000e\000\040\000H\000e\000l\000m\000h\000o\000l\000t\000z\000-\000G\000l\000e\000i\000c\000h\000u\000n\000g}{section.9.4}% 151
\BOOKMARK [0][-]{chapter.10}{\376\377\000N\000u\000m\000e\000r\000i\000k\000\040\000d\000e\000r\000\040\000p\000a\000r\000t\000i\000e\000l\000l\000e\000n\000\040\000D\000i\000f\000f\000e\000r\000e\000n\000t\000i\000a\000l\000g\000l\000e\000i\000c\000h\000u\000n\000g\000e\000n\000\040}{part.1}% 152
\BOOKMARK [1][-]{section.10.1}{\376\377\000F\000i\000n\000i\000t\000e\000\040\000D\000i\000f\000f\000e\000r\000e\000n\000z\000e\000n}{chapter.10}% 153
\BOOKMARK [1][-]{section.10.2}{\376\377\000F\000i\000n\000i\000t\000e\000\040\000V\000o\000l\000u\000m\000i\000n\000a}{chapter.10}% 154
\BOOKMARK [1][-]{section.10.3}{\376\377\000S\000p\000e\000k\000t\000r\000a\000l\000e\000\040\000M\000e\000t\000h\000o\000d\000e\000n}{chapter.10}% 155
\BOOKMARK [0][-]{chapter.11}{\376\377\000Z\000u\000s\000a\000m\000m\000e\000n\000h\000a\000n\000g\000\040\000u\000n\000d\000\040\000k\000o\000v\000a\000r\000i\000a\000n\000t\000e\000\040\000A\000b\000l\000e\000i\000t\000u\000n\000g\000\040}{part.1}% 156
\BOOKMARK [1][-]{section.11.1}{\376\377\000P\000a\000r\000a\000l\000l\000e\000l\000t\000r\000a\000n\000s\000p\000o\000r\000t\000\040}{chapter.11}% 157
\BOOKMARK [2][-]{subsection.11.1.1}{\376\377\000K\000o\000v\000a\000r\000i\000a\000n\000t\000e\000\040\000A\000b\000l\000e\000i\000t\000u\000n\000g\000\040}{section.11.1}% 158
\BOOKMARK [2][-]{subsection.11.1.2}{\376\377\000B\000e\000r\000e\000c\000h\000n\000u\000n\000g\000\040\000d\000e\000r\000\040\000C\000h\000r\000i\000s\000t\000o\000f\000f\000e\000l\000-\000S\000y\000m\000b\000o\000l\000e\000\040}{section.11.1}% 159
\BOOKMARK [1][-]{section.11.2}{\376\377\000G\000e\000o\000d\000\344\000t\000e\000n\000\040}{chapter.11}% 160
\BOOKMARK [2][-]{subsection.11.2.1}{\376\377\000D\000i\000f\000f\000e\000r\000e\000n\000t\000i\000a\000l\000g\000l\000e\000i\000c\000h\000u\000n\000g\000\040\000f\000\374\000r\000\040\000G\000e\000o\000d\000\344\000t\000e\000n\000\040}{section.11.2}% 161
\BOOKMARK [2][-]{subsection.11.2.2}{\376\377\000B\000e\000i\000s\000p\000i\000e\000l\000e\000\040}{section.11.2}% 162
\BOOKMARK [2][-]{subsection.11.2.3}{\376\377\000G\000e\000o\000d\000\344\000t\000e\000n\000\040\000a\000l\000s\000\040\000k\000\374\000r\000z\000e\000s\000t\000e\000\040\000V\000e\000r\000b\000i\000n\000d\000u\000n\000g\000e\000n\000\040}{section.11.2}% 163
\BOOKMARK [1][-]{section.11.3}{\376\377\000Z\000u\000s\000a\000m\000m\000e\000n\000h\000a\000n\000g\000\040}{chapter.11}% 164
\BOOKMARK [2][-]{subsection.11.3.1}{\376\377\000K\000o\000v\000a\000r\000i\000a\000n\000t\000e\000\040\000A\000b\000l\000e\000i\000t\000u\000n\000g\000\040}{section.11.3}% 165
\BOOKMARK [1][-]{section.11.4}{\376\377\000S\000t\000r\000\366\000m\000u\000n\000g\000s\000g\000l\000e\000i\000c\000h\000u\000n\000g\000e\000n\000\040}{chapter.11}% 166
\BOOKMARK [0][-]{chapter.12}{\376\377\000K\000r\000\374\000m\000m\000u\000n\000g\000\040}{part.1}% 167
\BOOKMARK [1][-]{section.12.1}{\376\377\000B\000e\000r\000e\000c\000h\000n\000u\000n\000g\000\040\000d\000e\000r\000\040\000K\000r\000\374\000m\000m\000u\000n\000g\000\040}{chapter.12}% 168
\BOOKMARK [2][-]{subsection.12.1.1}{\376\377\000D\000e\000r\000\040\000r\000i\000e\000m\000a\000n\000n\000s\000c\000h\000e\000\040\000K\000r\000\374\000m\000m\000u\000n\000g\000s\000t\000e\000n\000s\000o\000r}{section.12.1}% 169
\BOOKMARK [1][-]{section.12.2}{\376\377\000R\000i\000c\000c\000i\000-\000K\000r\000\374\000m\000m\000u\000n\000g\000\040}{chapter.12}% 170
\BOOKMARK [1][-]{section.12.3}{\376\377\000E\000n\000e\000r\000g\000i\000e\000-\000I\000m\000p\000u\000l\000s\000-\000T\000e\000n\000s\000o\000r\000\040\000u\000n\000d\000\040\000d\000i\000e\000\040\000F\000e\000l\000d\000g\000l\000e\000i\000c\000h\000u\000n\000g\000e\000n\000\040\000d\000e\000r\000\040\000G\000r\000a\000v\000i\000t\000a\000t\000i\000o\000n\000\040}{chapter.12}% 171
\BOOKMARK [1][-]{section.12.4}{\376\377\000S\000c\000h\000w\000a\000r\000z\000e\000\040\000L\000\366\000c\000h\000e\000r\000\040}{chapter.12}% 172
\BOOKMARK [1][-]{section.12.5}{\376\377\000D\000i\000e\000\040\000F\000r\000i\000e\000d\000m\000a\000n\000n\000-\000G\000l\000e\000i\000c\000h\000u\000n\000g\000\040\000u\000n\000d\000\040\000d\000i\000e\000\040\000G\000e\000s\000c\000h\000i\000c\000h\000t\000e\000\040\000d\000e\000s\000\040\000U\000n\000i\000v\000e\000r\000s\000u\000m\000s\000\040}{chapter.12}% 173
\BOOKMARK [0][-]{chapter.13}{\376\377\000T\000o\000p\000o\000l\000o\000g\000i\000e\000\040}{part.1}% 174
\BOOKMARK [1][-]{section.13.1}{\376\377\000P\000r\000o\000b\000l\000e\000m\000s\000t\000e\000l\000l\000u\000n\000g}{chapter.13}% 175
\BOOKMARK [1][-]{section.13.2}{\376\377\000M\000o\000r\000s\000e\000-\000T\000h\000e\000o\000r\000i\000e}{chapter.13}% 176
\BOOKMARK [1][-]{section.13.3}{\376\377\000d\000e\000\040\000R\000h\000a\000m\000-\000K\000o\000h\000o\000m\000o\000l\000o\000g\000i\000e}{chapter.13}% 177
\BOOKMARK [-1][-]{part.2}{\376\377\000I\000I\000\040\000A\000n\000w\000e\000n\000d\000u\000n\000g\000e\000n\000\040\000u\000n\000d\000\040\000w\000e\000i\000t\000e\000r\000f\000\374\000h\000r\000e\000n\000d\000e\000\040\000T\000h\000e\000m\000e\000n}{}% 178
\BOOKMARK [0][-]{chapter.14}{\376\377\000T\000h\000e\000m\000a}{part.2}% 179
\BOOKMARK [1][-]{section.14.1}{\376\377\000T\000e\000i\000l\000\040\0000}{chapter.14}% 180
\BOOKMARK [1][-]{section.14.2}{\376\377\000T\000e\000i\000l\000\040\0001\000\040}{chapter.14}% 181
\BOOKMARK [2][-]{subsection.14.2.1}{\376\377\000D\000e\000\040\000f\000i\000n\000i\000b\000u\000s\000\040\000b\000o\000n\000o\000r\000u\000m\000\040\000e\000t\000\040\000m\000a\000l\000o\000r\000u\000m\000\040}{section.14.2}% 182
\BOOKMARK [1][-]{section.14.3}{\376\377\000T\000e\000i\000l\000\040\0002\000\040}{chapter.14}% 183
\BOOKMARK [2][-]{subsection.14.3.1}{\376\377\000D\000e\000\040\000f\000i\000n\000i\000b\000u\000s\000\040\000b\000o\000n\000o\000r\000u\000m\000\040\000e\000t\000\040\000m\000a\000l\000o\000r\000u\000m\000\040}{section.14.3}% 184
\BOOKMARK [1][-]{section.14.4}{\376\377\000T\000e\000i\000l\000\040\0003\000\040}{chapter.14}% 185
\BOOKMARK [2][-]{subsection.14.4.1}{\376\377\000D\000e\000\040\000f\000i\000n\000i\000b\000u\000s\000\040\000b\000o\000n\000o\000r\000u\000m\000\040\000e\000t\000\040\000m\000a\000l\000o\000r\000u\000m\000\040}{section.14.4}% 186
\BOOKMARK [0][-]{chapter.15}{\376\377\000T\000h\000e\000m\000a}{part.2}% 187
\BOOKMARK [1][-]{section.15.1}{\376\377\000T\000e\000i\000l\000\040\0000}{chapter.15}% 188
\BOOKMARK [1][-]{section.15.2}{\376\377\000T\000e\000i\000l\000\040\0001\000\040}{chapter.15}% 189
\BOOKMARK [2][-]{subsection.15.2.1}{\376\377\000D\000e\000\040\000f\000i\000n\000i\000b\000u\000s\000\040\000b\000o\000n\000o\000r\000u\000m\000\040\000e\000t\000\040\000m\000a\000l\000o\000r\000u\000m\000\040}{section.15.2}% 190
\BOOKMARK [1][-]{section.15.3}{\376\377\000T\000e\000i\000l\000\040\0002\000\040}{chapter.15}% 191
\BOOKMARK [2][-]{subsection.15.3.1}{\376\377\000D\000e\000\040\000f\000i\000n\000i\000b\000u\000s\000\040\000b\000o\000n\000o\000r\000u\000m\000\040\000e\000t\000\040\000m\000a\000l\000o\000r\000u\000m\000\040}{section.15.3}% 192
\BOOKMARK [1][-]{section.15.4}{\376\377\000T\000e\000i\000l\000\040\0003\000\040}{chapter.15}% 193
\BOOKMARK [2][-]{subsection.15.4.1}{\376\377\000D\000e\000\040\000f\000i\000n\000i\000b\000u\000s\000\040\000b\000o\000n\000o\000r\000u\000m\000\040\000e\000t\000\040\000m\000a\000l\000o\000r\000u\000m\000\040}{section.15.4}% 194
\BOOKMARK [0][-]{chapter.16}{\376\377\000T\000h\000e\000m\000a}{part.2}% 195
\BOOKMARK [1][-]{section.16.1}{\376\377\000T\000e\000i\000l\000\040\0000}{chapter.16}% 196
\BOOKMARK [1][-]{section.16.2}{\376\377\000T\000e\000i\000l\000\040\0001\000\040}{chapter.16}% 197
\BOOKMARK [2][-]{subsection.16.2.1}{\376\377\000D\000e\000\040\000f\000i\000n\000i\000b\000u\000s\000\040\000b\000o\000n\000o\000r\000u\000m\000\040\000e\000t\000\040\000m\000a\000l\000o\000r\000u\000m\000\040}{section.16.2}% 198
\BOOKMARK [1][-]{section.16.3}{\376\377\000T\000e\000i\000l\000\040\0002\000\040}{chapter.16}% 199
\BOOKMARK [2][-]{subsection.16.3.1}{\376\377\000D\000e\000\040\000f\000i\000n\000i\000b\000u\000s\000\040\000b\000o\000n\000o\000r\000u\000m\000\040\000e\000t\000\040\000m\000a\000l\000o\000r\000u\000m\000\040}{section.16.3}% 200
\BOOKMARK [1][-]{section.16.4}{\376\377\000T\000e\000i\000l\000\040\0003\000\040}{chapter.16}% 201
\BOOKMARK [2][-]{subsection.16.4.1}{\376\377\000D\000e\000\040\000f\000i\000n\000i\000b\000u\000s\000\040\000b\000o\000n\000o\000r\000u\000m\000\040\000e\000t\000\040\000m\000a\000l\000o\000r\000u\000m\000\040}{section.16.4}% 202
\BOOKMARK [0][-]{chapter.17}{\376\377\000D\000i\000f\000f\000e\000r\000e\000n\000t\000i\000a\000l\000o\000p\000e\000r\000a\000t\000o\000r\000e\000n\000\040\000i\000n\000\040\000o\000r\000t\000h\000o\000g\000o\000n\000a\000l\000e\000n\000\040\000K\000o\000o\000r\000d\000i\000n\000a\000t\000e\000n}{part.2}% 203
\BOOKMARK [1][-]{section.17.1}{\376\377\000O\000r\000t\000h\000o\000g\000o\000n\000a\000l\000e\000\040\000K\000o\000o\000r\000d\000i\000n\000a\000t\000e\000n}{chapter.17}% 204
\BOOKMARK [1][-]{section.17.2}{\376\377\000O\000p\000e\000r\000a\000t\000o\000r\000e\000n\000\040\000e\000r\000s\000t\000e\000r\000\040\000O\000r\000d\000n\000u\000n\000g\000\040}{chapter.17}% 205
\BOOKMARK [1][-]{section.17.3}{\376\377\000D\000e\000r\000\040\000L\000a\000p\000l\000a\000c\000e\000-\000O\000p\000e\000r\000a\000t\000o\000r\000\040}{chapter.17}% 206
\BOOKMARK [0][-]{chapter.18}{\376\377\000T\000h\000e\000m\000a}{part.2}% 207
\BOOKMARK [1][-]{section.18.1}{\376\377\000T\000e\000i\000l\000\040\0000}{chapter.18}% 208
\BOOKMARK [1][-]{section.18.2}{\376\377\000T\000e\000i\000l\000\040\0001\000\040}{chapter.18}% 209
\BOOKMARK [2][-]{subsection.18.2.1}{\376\377\000D\000e\000\040\000f\000i\000n\000i\000b\000u\000s\000\040\000b\000o\000n\000o\000r\000u\000m\000\040\000e\000t\000\040\000m\000a\000l\000o\000r\000u\000m\000\040}{section.18.2}% 210
\BOOKMARK [1][-]{section.18.3}{\376\377\000T\000e\000i\000l\000\040\0002\000\040}{chapter.18}% 211
\BOOKMARK [2][-]{subsection.18.3.1}{\376\377\000D\000e\000\040\000f\000i\000n\000i\000b\000u\000s\000\040\000b\000o\000n\000o\000r\000u\000m\000\040\000e\000t\000\040\000m\000a\000l\000o\000r\000u\000m\000\040}{section.18.3}% 212
\BOOKMARK [1][-]{section.18.4}{\376\377\000T\000e\000i\000l\000\040\0003\000\040}{chapter.18}% 213
\BOOKMARK [2][-]{subsection.18.4.1}{\376\377\000D\000e\000\040\000f\000i\000n\000i\000b\000u\000s\000\040\000b\000o\000n\000o\000r\000u\000m\000\040\000e\000t\000\040\000m\000a\000l\000o\000r\000u\000m\000\040}{section.18.4}% 214
\BOOKMARK [0][-]{chapter.19}{\376\377\000T\000h\000e\000m\000a}{part.2}% 215
\BOOKMARK [1][-]{section.19.1}{\376\377\000T\000e\000i\000l\000\040\0000}{chapter.19}% 216
\BOOKMARK [1][-]{section.19.2}{\376\377\000T\000e\000i\000l\000\040\0001\000\040}{chapter.19}% 217
\BOOKMARK [2][-]{subsection.19.2.1}{\376\377\000D\000e\000\040\000f\000i\000n\000i\000b\000u\000s\000\040\000b\000o\000n\000o\000r\000u\000m\000\040\000e\000t\000\040\000m\000a\000l\000o\000r\000u\000m\000\040}{section.19.2}% 218
\BOOKMARK [1][-]{section.19.3}{\376\377\000T\000e\000i\000l\000\040\0002\000\040}{chapter.19}% 219
\BOOKMARK [2][-]{subsection.19.3.1}{\376\377\000D\000e\000\040\000f\000i\000n\000i\000b\000u\000s\000\040\000b\000o\000n\000o\000r\000u\000m\000\040\000e\000t\000\040\000m\000a\000l\000o\000r\000u\000m\000\040}{section.19.3}% 220
\BOOKMARK [1][-]{section.19.4}{\376\377\000T\000e\000i\000l\000\040\0003\000\040}{chapter.19}% 221
\BOOKMARK [2][-]{subsection.19.4.1}{\376\377\000D\000e\000\040\000f\000i\000n\000i\000b\000u\000s\000\040\000b\000o\000n\000o\000r\000u\000m\000\040\000e\000t\000\040\000m\000a\000l\000o\000r\000u\000m\000\040}{section.19.4}% 222
\BOOKMARK [0][-]{chapter.20}{\376\377\000T\000h\000e\000m\000a}{part.2}% 223
\BOOKMARK [1][-]{section.20.1}{\376\377\000T\000e\000i\000l\000\040\0000}{chapter.20}% 224
\BOOKMARK [1][-]{section.20.2}{\376\377\000T\000e\000i\000l\000\040\0001\000\040}{chapter.20}% 225
\BOOKMARK [2][-]{subsection.20.2.1}{\376\377\000D\000e\000\040\000f\000i\000n\000i\000b\000u\000s\000\040\000b\000o\000n\000o\000r\000u\000m\000\040\000e\000t\000\040\000m\000a\000l\000o\000r\000u\000m\000\040}{section.20.2}% 226
\BOOKMARK [1][-]{section.20.3}{\376\377\000T\000e\000i\000l\000\040\0002\000\040}{chapter.20}% 227
\BOOKMARK [2][-]{subsection.20.3.1}{\376\377\000D\000e\000\040\000f\000i\000n\000i\000b\000u\000s\000\040\000b\000o\000n\000o\000r\000u\000m\000\040\000e\000t\000\040\000m\000a\000l\000o\000r\000u\000m\000\040}{section.20.3}% 228
\BOOKMARK [1][-]{section.20.4}{\376\377\000T\000e\000i\000l\000\040\0003\000\040}{chapter.20}% 229
\BOOKMARK [2][-]{subsection.20.4.1}{\376\377\000D\000e\000\040\000f\000i\000n\000i\000b\000u\000s\000\040\000b\000o\000n\000o\000r\000u\000m\000\040\000e\000t\000\040\000m\000a\000l\000o\000r\000u\000m\000\040}{section.20.4}% 230
\BOOKMARK [0][-]{chapter.21}{\376\377\000M\000o\000n\000g\000e\000-\000A\000m\000p\000\350\000r\000e\000s\000c\000h\000e\000\040\000G\000l\000e\000i\000c\000h\000u\000n\000g}{part.2}% 231
\BOOKMARK [1][-]{section.21.1}{\376\377\000T\000e\000i\000l\000\040\0000}{chapter.21}% 232
\BOOKMARK [1][-]{section.21.2}{\376\377\000T\000e\000i\000l\000\040\0001\000\040}{chapter.21}% 233
\BOOKMARK [2][-]{subsection.21.2.1}{\376\377\000D\000e\000\040\000f\000i\000n\000i\000b\000u\000s\000\040\000b\000o\000n\000o\000r\000u\000m\000\040\000e\000t\000\040\000m\000a\000l\000o\000r\000u\000m\000\040}{section.21.2}% 234
\BOOKMARK [1][-]{section.21.3}{\376\377\000T\000e\000i\000l\000\040\0002\000\040}{chapter.21}% 235
\BOOKMARK [2][-]{subsection.21.3.1}{\376\377\000D\000e\000\040\000f\000i\000n\000i\000b\000u\000s\000\040\000b\000o\000n\000o\000r\000u\000m\000\040\000e\000t\000\040\000m\000a\000l\000o\000r\000u\000m\000\040}{section.21.3}% 236
\BOOKMARK [1][-]{section.21.4}{\376\377\000T\000e\000i\000l\000\040\0003\000\040}{chapter.21}% 237
\BOOKMARK [2][-]{subsection.21.4.1}{\376\377\000D\000e\000\040\000f\000i\000n\000i\000b\000u\000s\000\040\000b\000o\000n\000o\000r\000u\000m\000\040\000e\000t\000\040\000m\000a\000l\000o\000r\000u\000m\000\040}{section.21.4}% 238
\BOOKMARK [0][-]{chapter.22}{\376\377\000M\000o\000n\000g\000e\000-\000K\000a\000n\000t\000o\000r\000o\000v\000i\000t\000c\000h\000-\000T\000r\000a\000n\000s\000p\000o\000r\000t\000-\000T\000h\000e\000o\000r\000i\000e}{part.2}% 239
\BOOKMARK [1][-]{section.22.1}{\376\377\000T\000e\000i\000l\000\040\0000}{chapter.22}% 240
\BOOKMARK [1][-]{section.22.2}{\376\377\000T\000e\000i\000l\000\040\0001\000\040}{chapter.22}% 241
\BOOKMARK [2][-]{subsection.22.2.1}{\376\377\000D\000e\000\040\000f\000i\000n\000i\000b\000u\000s\000\040\000b\000o\000n\000o\000r\000u\000m\000\040\000e\000t\000\040\000m\000a\000l\000o\000r\000u\000m\000\040}{section.22.2}% 242
\BOOKMARK [1][-]{section.22.3}{\376\377\000T\000e\000i\000l\000\040\0002\000\040}{chapter.22}% 243
\BOOKMARK [2][-]{subsection.22.3.1}{\376\377\000D\000e\000\040\000f\000i\000n\000i\000b\000u\000s\000\040\000b\000o\000n\000o\000r\000u\000m\000\040\000e\000t\000\040\000m\000a\000l\000o\000r\000u\000m\000\040}{section.22.3}% 244
\BOOKMARK [1][-]{section.22.4}{\376\377\000T\000e\000i\000l\000\040\0003\000\040}{chapter.22}% 245
\BOOKMARK [2][-]{subsection.22.4.1}{\376\377\000D\000e\000\040\000f\000i\000n\000i\000b\000u\000s\000\040\000b\000o\000n\000o\000r\000u\000m\000\040\000e\000t\000\040\000m\000a\000l\000o\000r\000u\000m\000\040}{section.22.4}% 246
\BOOKMARK [0][-]{chapter.23}{\376\377\000F\000o\000o\000b\000a\000r}{part.2}% 247
\BOOKMARK [1][-]{section.23.1}{\376\377\000T\000e\000i\000l\000\040\0000}{chapter.23}% 248
\BOOKMARK [1][-]{section.23.2}{\376\377\000T\000e\000i\000l\000\040\0001\000\040}{chapter.23}% 249
\BOOKMARK [2][-]{subsection.23.2.1}{\376\377\000D\000e\000\040\000f\000i\000n\000i\000b\000u\000s\000\040\000b\000o\000n\000o\000r\000u\000m\000\040\000e\000t\000\040\000m\000a\000l\000o\000r\000u\000m\000\040}{section.23.2}% 250
\BOOKMARK [1][-]{section.23.3}{\376\377\000T\000e\000i\000l\000\040\0002\000\040}{chapter.23}% 251
\BOOKMARK [2][-]{subsection.23.3.1}{\376\377\000D\000e\000\040\000f\000i\000n\000i\000b\000u\000s\000\040\000b\000o\000n\000o\000r\000u\000m\000\040\000e\000t\000\040\000m\000a\000l\000o\000r\000u\000m\000\040}{section.23.3}% 252
\BOOKMARK [1][-]{section.23.4}{\376\377\000T\000e\000i\000l\000\040\0003\000\040}{chapter.23}% 253
\BOOKMARK [2][-]{subsection.23.4.1}{\376\377\000D\000e\000\040\000f\000i\000n\000i\000b\000u\000s\000\040\000b\000o\000n\000o\000r\000u\000m\000\040\000e\000t\000\040\000m\000a\000l\000o\000r\000u\000m\000\040}{section.23.4}% 254
\BOOKMARK [0][-]{chapter.24}{\376\377\000N\000e\000r\000v\000e\000n\000z\000e\000l\000l\000e\000n}{part.2}% 255
\BOOKMARK [1][-]{section.24.1}{\376\377\000E\000i\000n\000l\000e\000i\000t\000u\000n\000g}{chapter.24}% 256
\BOOKMARK [2][-]{subsection.24.1.1}{\376\377\000B\000i\000o\000l\000o\000g\000i\000s\000c\000h\000e\000\040\000G\000r\000u\000n\000d\000l\000a\000g\000e\000n}{section.24.1}% 257
\BOOKMARK [2][-]{subsection.24.1.2}{\376\377\000A\000k\000t\000i\000o\000n\000s\000p\000o\000t\000e\000n\000t\000i\000a\000l}{section.24.1}% 258
\BOOKMARK [2][-]{subsection.24.1.3}{\376\377\000B\000i\000o\000l\000o\000g\000i\000s\000c\000h\000e\000\040\000V\000o\000r\000g\000\344\000n\000g\000e}{section.24.1}% 259
\BOOKMARK [1][-]{section.24.2}{\376\377\000V\000e\000r\000h\000a\000l\000t\000e\000n\000\040\000b\000e\000i\000\040\000A\000n\000r\000e\000g\000u\000n\000g}{chapter.24}% 260
\BOOKMARK [2][-]{subsection.24.2.1}{\376\377\000F\000o\000r\000m\000e\000l\000p\000a\000r\000a\000m\000e\000t\000e\000r}{section.24.2}% 261
\BOOKMARK [2][-]{subsection.24.2.2}{\376\377\000S\000c\000h\000w\000a\000c\000h\000e\000\040\000A\000n\000r\000e\000g\000u\000n\000g}{section.24.2}% 262
\BOOKMARK [2][-]{subsection.24.2.3}{\376\377\000S\000t\000a\000r\000k\000e\000\040\000A\000n\000r\000e\000g\000u\000n\000g}{section.24.2}% 263
\BOOKMARK [2][-]{subsection.24.2.4}{\376\377\000V\000e\000r\000g\000l\000e\000i\000c\000h\000\040\000m\000i\000t\000\040\000A\000k\000t\000i\000o\000n\000s\000p\000o\000t\000e\000n\000t\000i\000a\000l}{section.24.2}% 264
\BOOKMARK [1][-]{section.24.3}{\376\377\000H\000o\000d\000g\000k\000i\000n\000-\000H\000u\000x\000l\000e\000y\000\040\000M\000o\000d\000e\000l\000l}{chapter.24}% 265
\BOOKMARK [2][-]{subsection.24.3.1}{\376\377\000E\000i\000n\000l\000e\000i\000t\000u\000n\000g}{section.24.3}% 266
\BOOKMARK [2][-]{subsection.24.3.2}{\376\377\000N\000u\000t\000z\000e\000n}{section.24.3}% 267
\BOOKMARK [2][-]{subsection.24.3.3}{\376\377\000M\000a\000t\000h\000e\000m\000a\000t\000i\000s\000c\000h\000e\000\040\000G\000r\000u\000n\000d\000l\000a\000g\000e\000n}{section.24.3}% 268
\BOOKMARK [1][-]{section.24.4}{\376\377\000F\000i\000t\000z\000H\000u\000g\000h\000-\000N\000a\000g\000u\000m\000o\000-\000M\000o\000d\000e\000l\000l}{chapter.24}% 269
\BOOKMARK [0][-]{chapter.25}{\376\377\000O\000p\000e\000n\000\040\000F\000o\000a\000m\000\040\000S\000i\000m\000u\000l\000a\000t\000i\000o\000n}{part.2}% 270
\BOOKMARK [1][-]{section.25.1}{\376\377\000T\000e\000i\000l\000\040\0000}{chapter.25}% 271
\BOOKMARK [1][-]{section.25.2}{\376\377\000T\000e\000i\000l\000\040\0001\000\040}{chapter.25}% 272
\BOOKMARK [2][-]{subsection.25.2.1}{\376\377\000D\000e\000\040\000f\000i\000n\000i\000b\000u\000s\000\040\000b\000o\000n\000o\000r\000u\000m\000\040\000e\000t\000\040\000m\000a\000l\000o\000r\000u\000m\000\040}{section.25.2}% 273
\BOOKMARK [1][-]{section.25.3}{\376\377\000T\000e\000i\000l\000\040\0002\000\040}{chapter.25}% 274
\BOOKMARK [2][-]{subsection.25.3.1}{\376\377\000D\000e\000\040\000f\000i\000n\000i\000b\000u\000s\000\040\000b\000o\000n\000o\000r\000u\000m\000\040\000e\000t\000\040\000m\000a\000l\000o\000r\000u\000m\000\040}{section.25.3}% 275
\BOOKMARK [1][-]{section.25.4}{\376\377\000T\000e\000i\000l\000\040\0003\000\040}{chapter.25}% 276
\BOOKMARK [2][-]{subsection.25.4.1}{\376\377\000D\000e\000\040\000f\000i\000n\000i\000b\000u\000s\000\040\000b\000o\000n\000o\000r\000u\000m\000\040\000e\000t\000\040\000m\000a\000l\000o\000r\000u\000m\000\040}{section.25.4}% 277
\BOOKMARK [0][-]{chapter.26}{\376\377\000T\000u\000r\000n\000i\000n\000g\000\040\000W\000a\000v\000e\000s\000\040\000i\000n\000t\000o\000\040\000P\000a\000r\000t\000i\000c\000l\000e\000s}{part.2}% 278
\BOOKMARK [1][-]{section.26.1}{\376\377\000T\000e\000i\000l\000\040\0000}{chapter.26}% 279
\BOOKMARK [1][-]{section.26.2}{\376\377\000T\000e\000i\000l\000\040\0001\000\040}{chapter.26}% 280
\BOOKMARK [2][-]{subsection.26.2.1}{\376\377\000D\000e\000\040\000f\000i\000n\000i\000b\000u\000s\000\040\000b\000o\000n\000o\000r\000u\000m\000\040\000e\000t\000\040\000m\000a\000l\000o\000r\000u\000m\000\040}{section.26.2}% 281
\BOOKMARK [1][-]{section.26.3}{\376\377\000T\000e\000i\000l\000\040\0002\000\040}{chapter.26}% 282
\BOOKMARK [2][-]{subsection.26.3.1}{\376\377\000D\000e\000\040\000f\000i\000n\000i\000b\000u\000s\000\040\000b\000o\000n\000o\000r\000u\000m\000\040\000e\000t\000\040\000m\000a\000l\000o\000r\000u\000m\000\040}{section.26.3}% 283
\BOOKMARK [1][-]{section.26.4}{\376\377\000T\000e\000i\000l\000\040\0003\000\040}{chapter.26}% 284
\BOOKMARK [2][-]{subsection.26.4.1}{\376\377\000D\000e\000\040\000f\000i\000n\000i\000b\000u\000s\000\040\000b\000o\000n\000o\000r\000u\000m\000\040\000e\000t\000\040\000m\000a\000l\000o\000r\000u\000m\000\040}{section.26.4}% 285
\BOOKMARK [0][-]{chapter.27}{\376\377\000T\000h\000e\000m\000a}{part.2}% 286
\BOOKMARK [1][-]{section.27.1}{\376\377\000T\000e\000i\000l\000\040\0000}{chapter.27}% 287
\BOOKMARK [1][-]{section.27.2}{\376\377\000T\000e\000i\000l\000\040\0001\000\040}{chapter.27}% 288
\BOOKMARK [2][-]{subsection.27.2.1}{\376\377\000D\000e\000\040\000f\000i\000n\000i\000b\000u\000s\000\040\000b\000o\000n\000o\000r\000u\000m\000\040\000e\000t\000\040\000m\000a\000l\000o\000r\000u\000m\000\040}{section.27.2}% 289
\BOOKMARK [1][-]{section.27.3}{\376\377\000T\000e\000i\000l\000\040\0002\000\040}{chapter.27}% 290
\BOOKMARK [2][-]{subsection.27.3.1}{\376\377\000D\000e\000\040\000f\000i\000n\000i\000b\000u\000s\000\040\000b\000o\000n\000o\000r\000u\000m\000\040\000e\000t\000\040\000m\000a\000l\000o\000r\000u\000m\000\040}{section.27.3}% 291
\BOOKMARK [1][-]{section.27.4}{\376\377\000T\000e\000i\000l\000\040\0003\000\040}{chapter.27}% 292
\BOOKMARK [2][-]{subsection.27.4.1}{\376\377\000D\000e\000\040\000f\000i\000n\000i\000b\000u\000s\000\040\000b\000o\000n\000o\000r\000u\000m\000\040\000e\000t\000\040\000m\000a\000l\000o\000r\000u\000m\000\040}{section.27.4}% 293
\BOOKMARK [0][-]{chapter.28}{\376\377\000D\000e\000r\000\040\000S\000a\000t\000z\000\040\000v\000o\000n\000\040\000P\000o\000i\000n\000c\000a\000r\000\351\000-\000B\000e\000n\000d\000i\000x\000s\000o\000n}{part.2}% 294
\BOOKMARK [1][-]{section.28.1}{\376\377\000T\000e\000i\000l\000\040\0000}{chapter.28}% 295
\BOOKMARK [1][-]{section.28.2}{\376\377\000T\000e\000i\000l\000\040\0001\000\040}{chapter.28}% 296
\BOOKMARK [2][-]{subsection.28.2.1}{\376\377\000D\000e\000\040\000f\000i\000n\000i\000b\000u\000s\000\040\000b\000o\000n\000o\000r\000u\000m\000\040\000e\000t\000\040\000m\000a\000l\000o\000r\000u\000m\000\040}{section.28.2}% 297
\BOOKMARK [1][-]{section.28.3}{\376\377\000T\000e\000i\000l\000\040\0002\000\040}{chapter.28}% 298
\BOOKMARK [2][-]{subsection.28.3.1}{\376\377\000D\000e\000\040\000f\000i\000n\000i\000b\000u\000s\000\040\000b\000o\000n\000o\000r\000u\000m\000\040\000e\000t\000\040\000m\000a\000l\000o\000r\000u\000m\000\040}{section.28.3}% 299
\BOOKMARK [1][-]{section.28.4}{\376\377\000T\000e\000i\000l\000\040\0003\000\040}{chapter.28}% 300
\BOOKMARK [2][-]{subsection.28.4.1}{\376\377\000D\000e\000\040\000f\000i\000n\000i\000b\000u\000s\000\040\000b\000o\000n\000o\000r\000u\000m\000\040\000e\000t\000\040\000m\000a\000l\000o\000r\000u\000m\000\040}{section.28.4}% 301
\BOOKMARK [0][-]{chapter.29}{\376\377\000T\000h\000e\000m\000a}{part.2}% 302
\BOOKMARK [1][-]{section.29.1}{\376\377\000T\000e\000i\000l\000\040\0000}{chapter.29}% 303
\BOOKMARK [1][-]{section.29.2}{\376\377\000T\000e\000i\000l\000\040\0001\000\040}{chapter.29}% 304
\BOOKMARK [2][-]{subsection.29.2.1}{\376\377\000D\000e\000\040\000f\000i\000n\000i\000b\000u\000s\000\040\000b\000o\000n\000o\000r\000u\000m\000\040\000e\000t\000\040\000m\000a\000l\000o\000r\000u\000m\000\040}{section.29.2}% 305
\BOOKMARK [1][-]{section.29.3}{\376\377\000T\000e\000i\000l\000\040\0002\000\040}{chapter.29}% 306
\BOOKMARK [2][-]{subsection.29.3.1}{\376\377\000D\000e\000\040\000f\000i\000n\000i\000b\000u\000s\000\040\000b\000o\000n\000o\000r\000u\000m\000\040\000e\000t\000\040\000m\000a\000l\000o\000r\000u\000m\000\040}{section.29.3}% 307
\BOOKMARK [1][-]{section.29.4}{\376\377\000T\000e\000i\000l\000\040\0003\000\040}{chapter.29}% 308
\BOOKMARK [2][-]{subsection.29.4.1}{\376\377\000D\000e\000\040\000f\000i\000n\000i\000b\000u\000s\000\040\000b\000o\000n\000o\000r\000u\000m\000\040\000e\000t\000\040\000m\000a\000l\000o\000r\000u\000m\000\040}{section.29.4}% 309
\BOOKMARK [0][-]{chapter.30}{\376\377\000T\000h\000e\000m\000a}{part.2}% 310
\BOOKMARK [1][-]{section.30.1}{\376\377\000T\000e\000i\000l\000\040\0000}{chapter.30}% 311
\BOOKMARK [1][-]{section.30.2}{\376\377\000T\000e\000i\000l\000\040\0001\000\040}{chapter.30}% 312
\BOOKMARK [2][-]{subsection.30.2.1}{\376\377\000D\000e\000\040\000f\000i\000n\000i\000b\000u\000s\000\040\000b\000o\000n\000o\000r\000u\000m\000\040\000e\000t\000\040\000m\000a\000l\000o\000r\000u\000m\000\040}{section.30.2}% 313
\BOOKMARK [1][-]{section.30.3}{\376\377\000T\000e\000i\000l\000\040\0002\000\040}{chapter.30}% 314
\BOOKMARK [2][-]{subsection.30.3.1}{\376\377\000D\000e\000\040\000f\000i\000n\000i\000b\000u\000s\000\040\000b\000o\000n\000o\000r\000u\000m\000\040\000e\000t\000\040\000m\000a\000l\000o\000r\000u\000m\000\040}{section.30.3}% 315
\BOOKMARK [1][-]{section.30.4}{\376\377\000T\000e\000i\000l\000\040\0003\000\040}{chapter.30}% 316
\BOOKMARK [2][-]{subsection.30.4.1}{\376\377\000D\000e\000\040\000f\000i\000n\000i\000b\000u\000s\000\040\000b\000o\000n\000o\000r\000u\000m\000\040\000e\000t\000\040\000m\000a\000l\000o\000r\000u\000m\000\040}{section.30.4}% 317
\BOOKMARK [0][-]{chapter.31}{\376\377\000T\000h\000e\000m\000a}{part.2}% 318
\BOOKMARK [0][-]{chapter.32}{\376\377\000T\000h\000e\000m\000a}{part.2}% 319
\BOOKMARK [1][-]{section.32.1}{\376\377\000T\000e\000i\000l\000\040\0000}{chapter.32}% 320
\BOOKMARK [1][-]{section.32.2}{\376\377\000T\000e\000i\000l\000\040\0001\000\040}{chapter.32}% 321
\BOOKMARK [2][-]{subsection.32.2.1}{\376\377\000D\000e\000\040\000f\000i\000n\000i\000b\000u\000s\000\040\000b\000o\000n\000o\000r\000u\000m\000\040\000e\000t\000\040\000m\000a\000l\000o\000r\000u\000m\000\040}{section.32.2}% 322
\BOOKMARK [1][-]{section.32.3}{\376\377\000T\000e\000i\000l\000\040\0002\000\040}{chapter.32}% 323
\BOOKMARK [2][-]{subsection.32.3.1}{\376\377\000D\000e\000\040\000f\000i\000n\000i\000b\000u\000s\000\040\000b\000o\000n\000o\000r\000u\000m\000\040\000e\000t\000\040\000m\000a\000l\000o\000r\000u\000m\000\040}{section.32.3}% 324
\BOOKMARK [1][-]{section.32.4}{\376\377\000T\000e\000i\000l\000\040\0003\000\040}{chapter.32}% 325
\BOOKMARK [2][-]{subsection.32.4.1}{\376\377\000D\000e\000\040\000f\000i\000n\000i\000b\000u\000s\000\040\000b\000o\000n\000o\000r\000u\000m\000\040\000e\000t\000\040\000m\000a\000l\000o\000r\000u\000m\000\040}{section.32.4}% 326
\BOOKMARK [0][-]{chapter.33}{\376\377\000T\000h\000e\000m\000a}{part.2}% 327
\BOOKMARK [1][-]{section.33.1}{\376\377\000T\000e\000i\000l\000\040\0000}{chapter.33}% 328
\BOOKMARK [1][-]{section.33.2}{\376\377\000T\000e\000i\000l\000\040\0001\000\040}{chapter.33}% 329
\BOOKMARK [2][-]{subsection.33.2.1}{\376\377\000D\000e\000\040\000f\000i\000n\000i\000b\000u\000s\000\040\000b\000o\000n\000o\000r\000u\000m\000\040\000e\000t\000\040\000m\000a\000l\000o\000r\000u\000m\000\040}{section.33.2}% 330
\BOOKMARK [1][-]{section.33.3}{\376\377\000T\000e\000i\000l\000\040\0002\000\040}{chapter.33}% 331
\BOOKMARK [2][-]{subsection.33.3.1}{\376\377\000D\000e\000\040\000f\000i\000n\000i\000b\000u\000s\000\040\000b\000o\000n\000o\000r\000u\000m\000\040\000e\000t\000\040\000m\000a\000l\000o\000r\000u\000m\000\040}{section.33.3}% 332
\BOOKMARK [1][-]{section.33.4}{\376\377\000T\000e\000i\000l\000\040\0003\000\040}{chapter.33}% 333
\BOOKMARK [2][-]{subsection.33.4.1}{\376\377\000D\000e\000\040\000f\000i\000n\000i\000b\000u\000s\000\040\000b\000o\000n\000o\000r\000u\000m\000\040\000e\000t\000\040\000m\000a\000l\000o\000r\000u\000m\000\040}{section.33.4}% 334
\BOOKMARK [0][-]{chapter.34}{\376\377\000T\000h\000e\000m\000a}{part.2}% 335
\BOOKMARK [1][-]{section.34.1}{\376\377\000T\000e\000i\000l\000\040\0000}{chapter.34}% 336
\BOOKMARK [1][-]{section.34.2}{\376\377\000T\000e\000i\000l\000\040\0001\000\040}{chapter.34}% 337
\BOOKMARK [2][-]{subsection.34.2.1}{\376\377\000D\000e\000\040\000f\000i\000n\000i\000b\000u\000s\000\040\000b\000o\000n\000o\000r\000u\000m\000\040\000e\000t\000\040\000m\000a\000l\000o\000r\000u\000m\000\040}{section.34.2}% 338
\BOOKMARK [1][-]{section.34.3}{\376\377\000T\000e\000i\000l\000\040\0002\000\040}{chapter.34}% 339
\BOOKMARK [2][-]{subsection.34.3.1}{\376\377\000D\000e\000\040\000f\000i\000n\000i\000b\000u\000s\000\040\000b\000o\000n\000o\000r\000u\000m\000\040\000e\000t\000\040\000m\000a\000l\000o\000r\000u\000m\000\040}{section.34.3}% 340
\BOOKMARK [1][-]{section.34.4}{\376\377\000T\000e\000i\000l\000\040\0003\000\040}{chapter.34}% 341
\BOOKMARK [2][-]{subsection.34.4.1}{\376\377\000D\000e\000\040\000f\000i\000n\000i\000b\000u\000s\000\040\000b\000o\000n\000o\000r\000u\000m\000\040\000e\000t\000\040\000m\000a\000l\000o\000r\000u\000m\000\040}{section.34.4}% 342
